<?xml version="1.0" encoding="UTF-8"?>
<testsuite name="SampleTests" tests="1" skipped="0" failures="0" errors="0" timestamp="2022-01-20T09:00:40" hostname="DESKTOP-9TLMHNQ" time="3.681">
  <properties/>
  <testcase name="ShouldCreateUser" classname="SampleTests" time="3.681"/>
  <system-out><![CDATA[HTTP/1.1 201 Created
Server: nginx
Date: Thu, 20 Jan 2022 09:00:43 GMT
Content-Type: application/json; charset=utf-8
Transfer-Encoding: chunked
Connection: keep-alive
X-Frame-Options: SAMEORIGIN
X-XSS-Protection: 1; mode=block
X-Content-Type-Options: nosniff
X-Download-Options: noopen
X-Permitted-Cross-Domain-Policies: none
Referrer-Policy: strict-origin-when-cross-origin
Location: https://gorest.co.in/public/v1/users/2021
ETag: W/"0438b9800a15882d3bd0a8aad087cd5b"
Cache-Control: max-age=0, private, must-revalidate
X-Request-Id: a8991eaf-5e34-4c0c-910b-8a0d102c629b
X-Runtime: 0.016339
Strict-Transport-Security: max-age=63072000; includeSubDomains
Vary: Origin

{
    "meta": null,
    "data": {
        "id": 2021,
        "name": "Tenali Ramakrishna",
        "email": "tenali.ramakrishna@203.com",
        "gender": "male",
        "status": "active"
    }
}
]]></system-out>
  <system-err><![CDATA[]]></system-err>
</testsuite>
