<?xml version="1.0" encoding="UTF-8"?>
<testsuite name="SampleTests" tests="1" skipped="0" failures="0" errors="0" timestamp="2022-01-20T09:58:31" hostname="DESKTOP-9TLMHNQ" time="4.975">
  <properties/>
  <testcase name="ShouldCreateUser" classname="SampleTests" time="4.975"/>
  <system-out><![CDATA[HTTP/1.1 201 Created
Server: nginx
Date: Thu, 20 Jan 2022 09:58:34 GMT
Content-Type: application/json; charset=utf-8
Transfer-Encoding: chunked
Connection: keep-alive
X-Frame-Options: SAMEORIGIN
X-XSS-Protection: 1; mode=block
X-Content-Type-Options: nosniff
X-Download-Options: noopen
X-Permitted-Cross-Domain-Policies: none
Referrer-Policy: strict-origin-when-cross-origin
Location: https://gorest.co.in/public/v1/users/2116
ETag: W/"5eb026d8c89790b77c211c50c2f4b179"
Cache-Control: max-age=0, private, must-revalidate
X-Request-Id: 7cfb3eeb-a3ee-4617-8e9c-4586cc0c7780
X-Runtime: 0.015840
Strict-Transport-Security: max-age=63072000; includeSubDomains
Vary: Origin

{
    "meta": null,
    "data": {
        "id": 2116,
        "name": "Tenali Ramakrishna",
        "email": "tenali.ramakrishna@206.com",
        "gender": "male",
        "status": "active"
    }
}
]]></system-out>
  <system-err><![CDATA[]]></system-err>
</testsuite>
