<?xml version="1.0" encoding="UTF-8"?>
<testsuite name="SampleTests" tests="1" skipped="0" failures="0" errors="0" timestamp="2022-01-20T04:24:22" hostname="DESKTOP-9TLMHNQ" time="0.011">
  <properties/>
  <testcase name="ShouldAddSomething" classname="SampleTests" time="0.011"/>
  <system-out><![CDATA[]]></system-out>
  <system-err><![CDATA[]]></system-err>
</testsuite>
